0 info it worked if it ends with ok
1 verbose cli [ '/usr/local/bin/node',
1 verbose cli   '/usr/local/bin/npm',
1 verbose cli   'run-script',
1 verbose cli   'dev' ]
2 info using npm@4.0.5
3 info using node@v7.4.0
4 verbose run-script [ 'predev', 'dev', 'postdev' ]
5 info lifecycle mark3@1.0.0~predev: mark3@1.0.0
6 silly lifecycle mark3@1.0.0~predev: no script for predev, continuing
7 info lifecycle mark3@1.0.0~dev: mark3@1.0.0
8 verbose lifecycle mark3@1.0.0~dev: unsafe-perm in lifecycle true
9 verbose lifecycle mark3@1.0.0~dev: PATH: /usr/local/lib/node_modules/npm/bin/node-gyp-bin:/Volumes/jarvis/Documents/projects_working_directory/iitb_internship_working_directory/Riyansh_Karani-Lokavidya/Lokavidya-server/lokavidya-server/Vialogue/server/node_modules/.bin:/Users/ironstein/torch/install/bin:/opt/local/bin:/opt/local/sbin:/Applications/Octave-cli.app/Contents/MacOS/:/usr/local/octave/3.8.0/sbin:/opt/local/bin:/opt/local/sbin://anaconda/bin:/opt/local/bin:/opt/local/sbin:/Library/Frameworks/Python.framework/Versions/3.4/bin:/opt/local/bin:/opt/local/sbin:/Library/Frameworks/Python.framework/Versions/2.7/bin:/Library/Frameworks/Python.framework/Versions/2.7/bin:/Library/Frameworks/Python.framework/Versions/2.7/bin:/Library/Frameworks/Python.framework/Versions/2.7/bin:/Library/Frameworks/Python.framework/Versions/2.7/bin:/Library/Frameworks/Python.framework/Versions/3.4/bin:/Library/Frameworks/Python.framework/Versions/3.4/bin:/Library/Frameworks/Python.framework/Versions/3.4/bin:/usr/local/bin:/usr/local/bin:/Library/Frameworks/Python.framework/Versions/2.7/bin:/Library/Frameworks/Python.framework/Versions/2.7/bin:/Library/Frameworks/Python.framework/Versions/2.7/bin:/Library/Frameworks/Python.framework/Versions/3.4/bin:/usr/local/bin:/usr/bin:/bin:/usr/sbin:/sbin:/Users/ironstein/Documents/gcc-arm-none-eabi-4_9-2015q2/bin :/opt/X11/bin:/usr/local/CrossPack-AVR/bin:/usr/local/git/bin:/opt/ImageMagick/bin:/Library/TeX/texbin:/opt/local/bin:/opt/local/sbin:/Applications/Octave-cli.app/Contents/MacOS/:/usr/local/octave/3.8.0/sbin://anaconda/bin:/Library/Frameworks/Python.framework/Versions/3.4/bin:/Library/Frameworks/Python.framework/Versions/2.7/bin
10 verbose lifecycle mark3@1.0.0~dev: CWD: /Volumes/jarvis/Documents/projects_working_directory/iitb_internship_working_directory/Riyansh_Karani-Lokavidya/Lokavidya-server/lokavidya-server/Vialogue/server
11 silly lifecycle mark3@1.0.0~dev: Args: [ '-c', 'babel-node --watch=./src --out-dir=./build' ]
12 silly lifecycle mark3@1.0.0~dev: Returned: code: 1  signal: null
13 info lifecycle mark3@1.0.0~dev: Failed to exec dev script
14 verbose stack Error: mark3@1.0.0 dev: `babel-node --watch=./src --out-dir=./build`
14 verbose stack Exit status 1
14 verbose stack     at EventEmitter.<anonymous> (/usr/local/lib/node_modules/npm/lib/utils/lifecycle.js:279:16)
14 verbose stack     at emitTwo (events.js:106:13)
14 verbose stack     at EventEmitter.emit (events.js:191:7)
14 verbose stack     at ChildProcess.<anonymous> (/usr/local/lib/node_modules/npm/lib/utils/spawn.js:40:14)
14 verbose stack     at emitTwo (events.js:106:13)
14 verbose stack     at ChildProcess.emit (events.js:191:7)
14 verbose stack     at maybeClose (internal/child_process.js:885:16)
14 verbose stack     at Process.ChildProcess._handle.onexit (internal/child_process.js:226:5)
15 verbose pkgid mark3@1.0.0
16 verbose cwd /Volumes/jarvis/Documents/projects_working_directory/iitb_internship_working_directory/Riyansh_Karani-Lokavidya/Lokavidya-server/lokavidya-server/Vialogue/server
17 error Darwin 16.0.0
18 error argv "/usr/local/bin/node" "/usr/local/bin/npm" "run-script" "dev"
19 error node v7.4.0
20 error npm  v4.0.5
21 error code ELIFECYCLE
22 error mark3@1.0.0 dev: `babel-node --watch=./src --out-dir=./build`
22 error Exit status 1
23 error Failed at the mark3@1.0.0 dev script 'babel-node --watch=./src --out-dir=./build'.
23 error Make sure you have the latest version of node.js and npm installed.
23 error If you do, this is most likely a problem with the mark3 package,
23 error not with npm itself.
23 error Tell the author that this fails on your system:
23 error     babel-node --watch=./src --out-dir=./build
23 error You can get information on how to open an issue for this project with:
23 error     npm bugs mark3
23 error Or if that isn't available, you can get their info via:
23 error     npm owner ls mark3
23 error There is likely additional logging output above.
24 verbose exit [ 1, true ]
